<?xml version="1.0" encoding="UTF-8"?>
<coverage generated="1583200560980" clover="3.2.0">
  <project timestamp="1583200560980" name="All files">
    <metrics statements="59" coveredstatements="27" conditionals="4" coveredconditionals="3" methods="49" coveredmethods="17" elements="112" coveredelements="47" complexity="0" loc="59" ncloc="59" packages="1" files="2" classes="2"/>
    <file name="index.js" path="/Users/Merissa/OneDrive - lmu.edu/LMU/Spring 2020/Compilers/r0b0p/ast/index.js">
      <metrics statements="21" coveredstatements="7" conditionals="0" coveredconditionals="0" methods="20" coveredmethods="6"/>
      <line num="3" count="2" type="stmt"/>
      <line num="9" count="0" type="stmt"/>
      <line num="15" count="0" type="stmt"/>
      <line num="21" count="0" type="stmt"/>
      <line num="27" count="0" type="stmt"/>
      <line num="33" count="0" type="stmt"/>
      <line num="39" count="2" type="stmt"/>
      <line num="50" count="0" type="stmt"/>
      <line num="56" count="0" type="stmt"/>
      <line num="62" count="0" type="stmt"/>
      <line num="68" count="2" type="stmt"/>
      <line num="74" count="0" type="stmt"/>
      <line num="80" count="0" type="stmt"/>
      <line num="86" count="2" type="stmt"/>
      <line num="92" count="0" type="stmt"/>
      <line num="98" count="0" type="stmt"/>
      <line num="104" count="0" type="stmt"/>
      <line num="110" count="2" type="stmt"/>
      <line num="116" count="0" type="stmt"/>
      <line num="122" count="2" type="stmt"/>
      <line num="126" count="1" type="stmt"/>
    </file>
    <file name="parser.js" path="/Users/Merissa/OneDrive - lmu.edu/LMU/Spring 2020/Compilers/r0b0p/ast/parser.js">
      <metrics statements="38" coveredstatements="20" conditionals="4" coveredconditionals="3" methods="29" coveredmethods="11"/>
      <line num="2" count="1" type="stmt"/>
      <line num="3" count="1" type="stmt"/>
      <line num="25" count="1" type="stmt"/>
      <line num="27" count="1" type="stmt"/>
      <line num="31" count="1" type="cond" truecount="1" falsecount="1"/>
      <line num="35" count="1" type="stmt"/>
      <line num="37" count="1" type="stmt"/>
      <line num="40" count="0" type="stmt"/>
      <line num="43" count="0" type="stmt"/>
      <line num="46" count="0" type="stmt"/>
      <line num="49" count="0" type="stmt"/>
      <line num="52" count="0" type="stmt"/>
      <line num="55" count="1" type="stmt"/>
      <line num="63" count="0" type="stmt"/>
      <line num="66" count="0" type="stmt"/>
      <line num="69" count="0" type="stmt"/>
      <line num="72" count="1" type="stmt"/>
      <line num="75" count="0" type="stmt"/>
      <line num="78" count="0" type="stmt"/>
      <line num="81" count="1" type="stmt"/>
      <line num="84" count="0" type="stmt"/>
      <line num="87" count="1" type="stmt"/>
      <line num="90" count="0" type="stmt"/>
      <line num="93" count="0" type="stmt"/>
      <line num="96" count="0" type="stmt"/>
      <line num="99" count="0" type="stmt"/>
      <line num="102" count="0" type="stmt"/>
      <line num="105" count="0" type="stmt"/>
      <line num="108" count="1" type="stmt"/>
      <line num="111" count="1" type="stmt"/>
      <line num="114" count="1" type="stmt"/>
      <line num="117" count="0" type="stmt"/>
      <line num="120" count="13" type="stmt"/>
      <line num="125" count="1" type="stmt"/>
      <line num="126" count="3" type="stmt"/>
      <line num="127" count="3" type="cond" truecount="2" falsecount="0"/>
      <line num="128" count="1" type="stmt"/>
      <line num="130" count="2" type="stmt"/>
    </file>
  </project>
</coverage>
