<?xml version="1.0" encoding="UTF-8"?>
<coverage generated="1583439618447" clover="3.2.0">
  <project timestamp="1583439618448" name="All files">
    <metrics statements="64" coveredstatements="64" conditionals="4" coveredconditionals="4" methods="54" coveredmethods="54" elements="122" coveredelements="122" complexity="0" loc="64" ncloc="64" packages="1" files="2" classes="2"/>
    <file name="index.js" path="/Users/MaddieLouis/Documents/School/Spring2020/Compilers/r0b0p/ast/index.js">
      <metrics statements="23" coveredstatements="23" conditionals="0" coveredconditionals="0" methods="22" coveredmethods="22"/>
      <line num="3" count="22" type="stmt"/>
      <line num="9" count="28" type="stmt"/>
      <line num="15" count="2" type="stmt"/>
      <line num="21" count="2" type="stmt"/>
      <line num="27" count="4" type="stmt"/>
      <line num="33" count="2" type="stmt"/>
      <line num="39" count="8" type="stmt"/>
      <line num="50" count="4" type="stmt"/>
      <line num="56" count="2" type="stmt"/>
      <line num="62" count="2" type="stmt"/>
      <line num="68" count="2" type="stmt"/>
      <line num="74" count="2" type="stmt"/>
      <line num="80" count="2" type="stmt"/>
      <line num="86" count="4" type="stmt"/>
      <line num="92" count="34" type="stmt"/>
      <line num="98" count="2" type="stmt"/>
      <line num="104" count="4" type="stmt"/>
      <line num="110" count="2" type="stmt"/>
      <line num="116" count="60" type="stmt"/>
      <line num="122" count="2" type="stmt"/>
      <line num="128" count="2" type="stmt"/>
      <line num="134" count="2" type="stmt"/>
      <line num="138" count="1" type="stmt"/>
    </file>
    <file name="parser.js" path="/Users/MaddieLouis/Documents/School/Spring2020/Compilers/r0b0p/ast/parser.js">
      <metrics statements="41" coveredstatements="41" conditionals="4" coveredconditionals="4" methods="32" coveredmethods="32"/>
      <line num="2" count="1" type="stmt"/>
      <line num="3" count="1" type="stmt"/>
      <line num="27" count="1" type="stmt"/>
      <line num="29" count="1" type="stmt"/>
      <line num="33" count="8" type="cond" truecount="2" falsecount="0"/>
      <line num="37" count="1" type="stmt"/>
      <line num="39" count="11" type="stmt"/>
      <line num="42" count="14" type="stmt"/>
      <line num="45" count="1" type="stmt"/>
      <line num="48" count="1" type="stmt"/>
      <line num="51" count="2" type="stmt"/>
      <line num="54" count="1" type="stmt"/>
      <line num="57" count="4" type="stmt"/>
      <line num="65" count="2" type="stmt"/>
      <line num="68" count="1" type="stmt"/>
      <line num="71" count="1" type="stmt"/>
      <line num="74" count="1" type="stmt"/>
      <line num="77" count="1" type="stmt"/>
      <line num="80" count="1" type="stmt"/>
      <line num="83" count="2" type="stmt"/>
      <line num="86" count="1" type="stmt"/>
      <line num="89" count="2" type="stmt"/>
      <line num="92" count="11" type="stmt"/>
      <line num="95" count="2" type="stmt"/>
      <line num="98" count="1" type="stmt"/>
      <line num="101" count="1" type="stmt"/>
      <line num="104" count="1" type="stmt"/>
      <line num="107" count="2" type="stmt"/>
      <line num="110" count="1" type="stmt"/>
      <line num="113" count="16" type="stmt"/>
      <line num="116" count="34" type="stmt"/>
      <line num="119" count="30" type="stmt"/>
      <line num="122" count="1" type="stmt"/>
      <line num="125" count="1" type="stmt"/>
      <line num="128" count="29" type="stmt"/>
      <line num="131" count="4" type="stmt"/>
      <line num="136" count="1" type="stmt"/>
      <line num="137" count="15" type="stmt"/>
      <line num="138" count="15" type="cond" truecount="2" falsecount="0"/>
      <line num="139" count="1" type="stmt"/>
      <line num="141" count="14" type="stmt"/>
    </file>
  </project>
</coverage>
