{"/Users/Merissa/OneDrive - lmu.edu/LMU/Spring 2020/Compilers/r0b0p/ast/index.js": {"path":"/Users/Merissa/OneDrive - lmu.edu/LMU/Spring 2020/Compilers/r0b0p/ast/index.js","statementMap":{"0":{"start":{"line":3,"column":4},"end":{"line":3,"column":40}},"1":{"start":{"line":9,"column":4},"end":{"line":9,"column":37}},"2":{"start":{"line":15,"column":4},"end":{"line":15,"column":33}},"3":{"start":{"line":21,"column":4},"end":{"line":21,"column":54}},"4":{"start":{"line":27,"column":4},"end":{"line":27,"column":46}},"5":{"start":{"line":33,"column":4},"end":{"line":33,"column":51}},"6":{"start":{"line":39,"column":4},"end":{"line":44,"column":7}},"7":{"start":{"line":50,"column":4},"end":{"line":50,"column":40}},"8":{"start":{"line":56,"column":4},"end":{"line":56,"column":35}},"9":{"start":{"line":62,"column":4},"end":{"line":62,"column":42}},"10":{"start":{"line":68,"column":4},"end":{"line":68,"column":48}},"11":{"start":{"line":69,"column":4},"end":{"line":69,"column":33}},"12":{"start":{"line":75,"column":4},"end":{"line":75,"column":35}},"13":{"start":{"line":81,"column":4},"end":{"line":81,"column":35}},"14":{"start":{"line":87,"column":4},"end":{"line":87,"column":45}},"15":{"start":{"line":93,"column":4},"end":{"line":93,"column":37}},"16":{"start":{"line":99,"column":4},"end":{"line":99,"column":33}},"17":{"start":{"line":105,"column":4},"end":{"line":105,"column":37}},"18":{"start":{"line":111,"column":4},"end":{"line":111,"column":24}},"19":{"start":{"line":117,"column":4},"end":{"line":117,"column":24}},"20":{"start":{"line":123,"column":4},"end":{"line":123,"column":23}},"21":{"start":{"line":127,"column":0},"end":{"line":148,"column":2}}},"fnMap":{"0":{"name":"(anonymous_0)","decl":{"start":{"line":2,"column":2},"end":{"line":2,"column":3}},"loc":{"start":{"line":2,"column":26},"end":{"line":4,"column":3}},"line":2},"1":{"name":"(anonymous_1)","decl":{"start":{"line":8,"column":2},"end":{"line":8,"column":3}},"loc":{"start":{"line":8,"column":23},"end":{"line":10,"column":3}},"line":8},"2":{"name":"(anonymous_2)","decl":{"start":{"line":14,"column":2},"end":{"line":14,"column":3}},"loc":{"start":{"line":14,"column":19},"end":{"line":16,"column":3}},"line":14},"3":{"name":"(anonymous_3)","decl":{"start":{"line":20,"column":2},"end":{"line":20,"column":3}},"loc":{"start":{"line":20,"column":40},"end":{"line":22,"column":3}},"line":20},"4":{"name":"(anonymous_4)","decl":{"start":{"line":26,"column":2},"end":{"line":26,"column":3}},"loc":{"start":{"line":26,"column":32},"end":{"line":28,"column":3}},"line":26},"5":{"name":"(anonymous_5)","decl":{"start":{"line":32,"column":2},"end":{"line":32,"column":3}},"loc":{"start":{"line":32,"column":37},"end":{"line":34,"column":3}},"line":32},"6":{"name":"(anonymous_6)","decl":{"start":{"line":38,"column":2},"end":{"line":38,"column":3}},"loc":{"start":{"line":38,"column":57},"end":{"line":45,"column":3}},"line":38},"7":{"name":"(anonymous_7)","decl":{"start":{"line":49,"column":2},"end":{"line":49,"column":3}},"loc":{"start":{"line":49,"column":26},"end":{"line":51,"column":3}},"line":49},"8":{"name":"(anonymous_8)","decl":{"start":{"line":55,"column":2},"end":{"line":55,"column":3}},"loc":{"start":{"line":55,"column":21},"end":{"line":57,"column":3}},"line":55},"9":{"name":"(anonymous_9)","decl":{"start":{"line":61,"column":2},"end":{"line":61,"column":3}},"loc":{"start":{"line":61,"column":28},"end":{"line":63,"column":3}},"line":61},"10":{"name":"(anonymous_10)","decl":{"start":{"line":67,"column":2},"end":{"line":67,"column":3}},"loc":{"start":{"line":67,"column":19},"end":{"line":70,"column":3}},"line":67},"11":{"name":"(anonymous_11)","decl":{"start":{"line":74,"column":2},"end":{"line":74,"column":3}},"loc":{"start":{"line":74,"column":21},"end":{"line":76,"column":3}},"line":74},"12":{"name":"(anonymous_12)","decl":{"start":{"line":80,"column":2},"end":{"line":80,"column":3}},"loc":{"start":{"line":80,"column":21},"end":{"line":82,"column":3}},"line":80},"13":{"name":"(anonymous_13)","decl":{"start":{"line":86,"column":2},"end":{"line":86,"column":3}},"loc":{"start":{"line":86,"column":31},"end":{"line":88,"column":3}},"line":86},"14":{"name":"(anonymous_14)","decl":{"start":{"line":92,"column":2},"end":{"line":92,"column":3}},"loc":{"start":{"line":92,"column":23},"end":{"line":94,"column":3}},"line":92},"15":{"name":"(anonymous_15)","decl":{"start":{"line":98,"column":2},"end":{"line":98,"column":3}},"loc":{"start":{"line":98,"column":19},"end":{"line":100,"column":3}},"line":98},"16":{"name":"(anonymous_16)","decl":{"start":{"line":104,"column":2},"end":{"line":104,"column":3}},"loc":{"start":{"line":104,"column":23},"end":{"line":106,"column":3}},"line":104},"17":{"name":"(anonymous_17)","decl":{"start":{"line":110,"column":2},"end":{"line":110,"column":3}},"loc":{"start":{"line":110,"column":21},"end":{"line":112,"column":3}},"line":110},"18":{"name":"(anonymous_18)","decl":{"start":{"line":116,"column":2},"end":{"line":116,"column":3}},"loc":{"start":{"line":116,"column":21},"end":{"line":118,"column":3}},"line":116},"19":{"name":"(anonymous_19)","decl":{"start":{"line":122,"column":2},"end":{"line":122,"column":3}},"loc":{"start":{"line":122,"column":21},"end":{"line":124,"column":3}},"line":122}},"branchMap":{},"s":{"0":2,"1":0,"2":0,"3":0,"4":0,"5":0,"6":2,"7":0,"8":0,"9":0,"10":2,"11":2,"12":0,"13":0,"14":2,"15":0,"16":0,"17":0,"18":2,"19":0,"20":2,"21":1},"f":{"0":2,"1":0,"2":0,"3":0,"4":0,"5":0,"6":2,"7":0,"8":0,"9":0,"10":2,"11":0,"12":0,"13":2,"14":0,"15":0,"16":0,"17":2,"18":0,"19":2},"b":{},"_coverageSchema":"1a1c01bbd47fc00a2c39e90264f33305004495a9","hash":"798fb5b2518b9fa648a1b72fc2d7692a04f36076"}
,"/Users/Merissa/OneDrive - lmu.edu/LMU/Spring 2020/Compilers/r0b0p/ast/parser.js": {"path":"/Users/Merissa/OneDrive - lmu.edu/LMU/Spring 2020/Compilers/r0b0p/ast/parser.js","statementMap":{"0":{"start":{"line":2,"column":11},"end":{"line":2,"column":24}},"1":{"start":{"line":3,"column":12},"end":{"line":3,"column":29}},"2":{"start":{"line":25,"column":4},"end":{"line":25,"column":21}},"3":{"start":{"line":27,"column":16},"end":{"line":27,"column":73}},"4":{"start":{"line":31,"column":2},"end":{"line":31,"column":38}},"5":{"start":{"line":35,"column":21},"end":{"line":122,"column":2}},"6":{"start":{"line":37,"column":4},"end":{"line":37,"column":39}},"7":{"start":{"line":40,"column":4},"end":{"line":40,"column":47}},"8":{"start":{"line":43,"column":4},"end":{"line":43,"column":33}},"9":{"start":{"line":46,"column":4},"end":{"line":46,"column":63}},"10":{"start":{"line":49,"column":4},"end":{"line":49,"column":55}},"11":{"start":{"line":52,"column":4},"end":{"line":52,"column":70}},"12":{"start":{"line":55,"column":4},"end":{"line":60,"column":6}},"13":{"start":{"line":63,"column":4},"end":{"line":63,"column":51}},"14":{"start":{"line":66,"column":4},"end":{"line":66,"column":38}},"15":{"start":{"line":69,"column":4},"end":{"line":69,"column":50}},"16":{"start":{"line":72,"column":4},"end":{"line":72,"column":32}},"17":{"start":{"line":75,"column":4},"end":{"line":75,"column":33}},"18":{"start":{"line":78,"column":4},"end":{"line":78,"column":33}},"19":{"start":{"line":81,"column":4},"end":{"line":81,"column":42}},"20":{"start":{"line":84,"column":4},"end":{"line":84,"column":60}},"21":{"start":{"line":87,"column":4},"end":{"line":87,"column":60}},"22":{"start":{"line":90,"column":4},"end":{"line":90,"column":60}},"23":{"start":{"line":93,"column":4},"end":{"line":93,"column":60}},"24":{"start":{"line":96,"column":4},"end":{"line":96,"column":60}},"25":{"start":{"line":99,"column":4},"end":{"line":99,"column":42}},"26":{"start":{"line":102,"column":4},"end":{"line":102,"column":36}},"27":{"start":{"line":105,"column":4},"end":{"line":105,"column":33}},"28":{"start":{"line":108,"column":4},"end":{"line":108,"column":27}},"29":{"start":{"line":111,"column":4},"end":{"line":111,"column":29}},"30":{"start":{"line":114,"column":4},"end":{"line":114,"column":42}},"31":{"start":{"line":117,"column":4},"end":{"line":117,"column":44}},"32":{"start":{"line":120,"column":4},"end":{"line":120,"column":29}},"33":{"start":{"line":125,"column":0},"end":{"line":131,"column":2}},"34":{"start":{"line":126,"column":16},"end":{"line":126,"column":35}},"35":{"start":{"line":127,"column":2},"end":{"line":129,"column":3}},"36":{"start":{"line":128,"column":4},"end":{"line":128,"column":54}},"37":{"start":{"line":130,"column":2},"end":{"line":130,"column":35}}},"fnMap":{"0":{"name":"arrayToNullable","decl":{"start":{"line":30,"column":9},"end":{"line":30,"column":24}},"loc":{"start":{"line":30,"column":28},"end":{"line":32,"column":1}},"line":30},"1":{"name":"(anonymous_1)","decl":{"start":{"line":36,"column":2},"end":{"line":36,"column":3}},"loc":{"start":{"line":36,"column":30},"end":{"line":38,"column":3}},"line":36},"2":{"name":"(anonymous_2)","decl":{"start":{"line":39,"column":2},"end":{"line":39,"column":3}},"loc":{"start":{"line":39,"column":27},"end":{"line":41,"column":3}},"line":39},"3":{"name":"(anonymous_3)","decl":{"start":{"line":42,"column":2},"end":{"line":42,"column":3}},"loc":{"start":{"line":42,"column":21},"end":{"line":44,"column":3}},"line":42},"4":{"name":"(anonymous_4)","decl":{"start":{"line":45,"column":2},"end":{"line":45,"column":3}},"loc":{"start":{"line":45,"column":52},"end":{"line":47,"column":3}},"line":45},"5":{"name":"(anonymous_5)","decl":{"start":{"line":48,"column":2},"end":{"line":48,"column":3}},"loc":{"start":{"line":48,"column":48},"end":{"line":50,"column":3}},"line":48},"6":{"name":"(anonymous_6)","decl":{"start":{"line":51,"column":2},"end":{"line":51,"column":3}},"loc":{"start":{"line":51,"column":67},"end":{"line":53,"column":3}},"line":51},"7":{"name":"(anonymous_7)","decl":{"start":{"line":54,"column":2},"end":{"line":54,"column":3}},"loc":{"start":{"line":54,"column":71},"end":{"line":61,"column":3}},"line":54},"8":{"name":"(anonymous_8)","decl":{"start":{"line":62,"column":2},"end":{"line":62,"column":3}},"loc":{"start":{"line":62,"column":45},"end":{"line":64,"column":3}},"line":62},"9":{"name":"(anonymous_9)","decl":{"start":{"line":65,"column":2},"end":{"line":65,"column":3}},"loc":{"start":{"line":65,"column":26},"end":{"line":67,"column":3}},"line":65},"10":{"name":"(anonymous_10)","decl":{"start":{"line":68,"column":2},"end":{"line":68,"column":3}},"loc":{"start":{"line":68,"column":35},"end":{"line":70,"column":3}},"line":68},"11":{"name":"(anonymous_11)","decl":{"start":{"line":71,"column":2},"end":{"line":71,"column":3}},"loc":{"start":{"line":71,"column":31},"end":{"line":73,"column":3}},"line":71},"12":{"name":"(anonymous_12)","decl":{"start":{"line":74,"column":2},"end":{"line":74,"column":3}},"loc":{"start":{"line":74,"column":26},"end":{"line":76,"column":3}},"line":74},"13":{"name":"(anonymous_13)","decl":{"start":{"line":77,"column":2},"end":{"line":77,"column":3}},"loc":{"start":{"line":77,"column":26},"end":{"line":79,"column":3}},"line":77},"14":{"name":"(anonymous_14)","decl":{"start":{"line":80,"column":2},"end":{"line":80,"column":3}},"loc":{"start":{"line":80,"column":24},"end":{"line":82,"column":3}},"line":80},"15":{"name":"(anonymous_15)","decl":{"start":{"line":83,"column":2},"end":{"line":83,"column":3}},"loc":{"start":{"line":83,"column":30},"end":{"line":85,"column":3}},"line":83},"16":{"name":"(anonymous_16)","decl":{"start":{"line":86,"column":2},"end":{"line":86,"column":3}},"loc":{"start":{"line":86,"column":31},"end":{"line":88,"column":3}},"line":86},"17":{"name":"(anonymous_17)","decl":{"start":{"line":89,"column":2},"end":{"line":89,"column":3}},"loc":{"start":{"line":89,"column":31},"end":{"line":91,"column":3}},"line":89},"18":{"name":"(anonymous_18)","decl":{"start":{"line":92,"column":2},"end":{"line":92,"column":3}},"loc":{"start":{"line":92,"column":31},"end":{"line":94,"column":3}},"line":92},"19":{"name":"(anonymous_19)","decl":{"start":{"line":95,"column":2},"end":{"line":95,"column":3}},"loc":{"start":{"line":95,"column":31},"end":{"line":97,"column":3}},"line":95},"20":{"name":"(anonymous_20)","decl":{"start":{"line":98,"column":2},"end":{"line":98,"column":3}},"loc":{"start":{"line":98,"column":31},"end":{"line":100,"column":3}},"line":98},"21":{"name":"(anonymous_21)","decl":{"start":{"line":101,"column":2},"end":{"line":101,"column":3}},"loc":{"start":{"line":101,"column":29},"end":{"line":103,"column":3}},"line":101},"22":{"name":"(anonymous_22)","decl":{"start":{"line":104,"column":2},"end":{"line":104,"column":3}},"loc":{"start":{"line":104,"column":22},"end":{"line":106,"column":3}},"line":104},"23":{"name":"(anonymous_23)","decl":{"start":{"line":107,"column":2},"end":{"line":107,"column":3}},"loc":{"start":{"line":107,"column":42},"end":{"line":109,"column":3}},"line":107},"24":{"name":"(anonymous_24)","decl":{"start":{"line":110,"column":2},"end":{"line":110,"column":3}},"loc":{"start":{"line":110,"column":29},"end":{"line":112,"column":3}},"line":110},"25":{"name":"(anonymous_25)","decl":{"start":{"line":113,"column":2},"end":{"line":113,"column":3}},"loc":{"start":{"line":113,"column":25},"end":{"line":115,"column":3}},"line":113},"26":{"name":"(anonymous_26)","decl":{"start":{"line":116,"column":2},"end":{"line":116,"column":3}},"loc":{"start":{"line":116,"column":22},"end":{"line":118,"column":3}},"line":116},"27":{"name":"(anonymous_27)","decl":{"start":{"line":119,"column":2},"end":{"line":119,"column":3}},"loc":{"start":{"line":119,"column":14},"end":{"line":121,"column":3}},"line":119},"28":{"name":"(anonymous_28)","decl":{"start":{"line":125,"column":17},"end":{"line":125,"column":18}},"loc":{"start":{"line":125,"column":25},"end":{"line":131,"column":1}},"line":125}},"branchMap":{"0":{"loc":{"start":{"line":31,"column":9},"end":{"line":31,"column":37}},"type":"cond-expr","locations":[{"start":{"line":31,"column":26},"end":{"line":31,"column":30}},{"start":{"line":31,"column":33},"end":{"line":31,"column":37}}],"line":31},"1":{"loc":{"start":{"line":127,"column":2},"end":{"line":129,"column":3}},"type":"if","locations":[{"start":{"line":127,"column":2},"end":{"line":129,"column":3}},{"start":{"line":127,"column":2},"end":{"line":129,"column":3}}],"line":127}},"s":{"0":1,"1":1,"2":1,"3":1,"4":1,"5":1,"6":1,"7":0,"8":0,"9":0,"10":0,"11":0,"12":1,"13":0,"14":0,"15":0,"16":1,"17":0,"18":0,"19":1,"20":0,"21":1,"22":0,"23":0,"24":0,"25":0,"26":0,"27":0,"28":1,"29":1,"30":1,"31":0,"32":13,"33":1,"34":3,"35":3,"36":1,"37":2},"f":{"0":1,"1":1,"2":0,"3":0,"4":0,"5":0,"6":0,"7":1,"8":0,"9":0,"10":0,"11":1,"12":0,"13":0,"14":1,"15":0,"16":1,"17":0,"18":0,"19":0,"20":0,"21":0,"22":0,"23":1,"24":1,"25":1,"26":0,"27":13,"28":3},"b":{"0":[1,0],"1":[1,2]},"_coverageSchema":"1a1c01bbd47fc00a2c39e90264f33305004495a9","hash":"2109dfaff0c7583aba91c9ff04b92e6110138a0b"}
}
