TN:
SF:ast/index.js
FN:2,(anonymous_0)
FN:8,(anonymous_1)
FN:14,(anonymous_2)
FN:20,(anonymous_3)
FN:26,(anonymous_4)
FN:32,(anonymous_5)
FN:38,(anonymous_6)
FN:49,(anonymous_7)
FN:55,(anonymous_8)
FN:61,(anonymous_9)
FN:67,(anonymous_10)
FN:74,(anonymous_11)
FN:80,(anonymous_12)
FN:86,(anonymous_13)
FN:92,(anonymous_14)
FN:98,(anonymous_15)
FN:104,(anonymous_16)
FN:110,(anonymous_17)
FN:116,(anonymous_18)
FN:122,(anonymous_19)
FNF:20
FNH:6
FNDA:4,(anonymous_0)
FNDA:0,(anonymous_1)
FNDA:0,(anonymous_2)
FNDA:0,(anonymous_3)
FNDA:0,(anonymous_4)
FNDA:0,(anonymous_5)
FNDA:2,(anonymous_6)
FNDA:1,(anonymous_7)
FNDA:1,(anonymous_8)
FNDA:0,(anonymous_9)
FNDA:0,(anonymous_10)
FNDA:0,(anonymous_11)
FNDA:0,(anonymous_12)
FNDA:3,(anonymous_13)
FNDA:0,(anonymous_14)
FNDA:0,(anonymous_15)
FNDA:0,(anonymous_16)
FNDA:0,(anonymous_17)
FNDA:1,(anonymous_18)
FNDA:0,(anonymous_19)
DA:3,4
DA:9,0
DA:15,0
DA:21,0
DA:27,0
DA:33,0
DA:39,2
DA:50,1
DA:56,1
DA:62,0
DA:68,0
DA:69,0
DA:75,0
DA:81,0
DA:87,3
DA:93,0
DA:99,0
DA:105,0
DA:111,0
DA:117,1
DA:123,0
DA:127,1
LF:22
LH:7
BRF:0
BRH:0
end_of_record
TN:
SF:ast/parser.js
FN:31,arrayToNullable
FN:37,(anonymous_1)
FN:40,(anonymous_2)
FN:43,(anonymous_3)
FN:46,(anonymous_4)
FN:49,(anonymous_5)
FN:52,(anonymous_6)
FN:55,(anonymous_7)
FN:63,(anonymous_8)
FN:66,(anonymous_9)
FN:69,(anonymous_10)
FN:72,(anonymous_11)
FN:75,(anonymous_12)
FN:78,(anonymous_13)
FN:81,(anonymous_14)
FN:84,(anonymous_15)
FN:87,(anonymous_16)
FN:90,(anonymous_17)
FN:93,(anonymous_18)
FN:96,(anonymous_19)
FN:99,(anonymous_20)
FN:102,(anonymous_21)
FN:105,(anonymous_22)
FN:108,(anonymous_23)
FN:111,(anonymous_24)
FN:114,(anonymous_25)
FN:117,(anonymous_26)
FN:120,(anonymous_27)
FN:126,(anonymous_28)
FNF:29
FNH:8
FNDA:1,arrayToNullable
FNDA:1,(anonymous_1)
FNDA:0,(anonymous_2)
FNDA:0,(anonymous_3)
FNDA:0,(anonymous_4)
FNDA:0,(anonymous_5)
FNDA:0,(anonymous_6)
FNDA:1,(anonymous_7)
FNDA:0,(anonymous_8)
FNDA:0,(anonymous_9)
FNDA:0,(anonymous_10)
FNDA:0,(anonymous_11)
FNDA:0,(anonymous_12)
FNDA:0,(anonymous_13)
FNDA:0,(anonymous_14)
FNDA:0,(anonymous_15)
FNDA:1,(anonymous_16)
FNDA:0,(anonymous_17)
FNDA:0,(anonymous_18)
FNDA:0,(anonymous_19)
FNDA:0,(anonymous_20)
FNDA:0,(anonymous_21)
FNDA:0,(anonymous_22)
FNDA:0,(anonymous_23)
FNDA:1,(anonymous_24)
FNDA:1,(anonymous_25)
FNDA:0,(anonymous_26)
FNDA:1,(anonymous_27)
FNDA:2,(anonymous_28)
DA:2,1
DA:3,1
DA:26,1
DA:28,1
DA:32,1
DA:36,1
DA:38,1
DA:41,0
DA:44,0
DA:47,0
DA:50,0
DA:53,0
DA:56,1
DA:64,0
DA:67,0
DA:70,0
DA:73,0
DA:76,0
DA:79,0
DA:82,0
DA:85,0
DA:88,1
DA:91,0
DA:94,0
DA:97,0
DA:100,0
DA:103,0
DA:106,0
DA:109,0
DA:112,1
DA:115,1
DA:118,0
DA:121,1
DA:126,1
DA:127,2
DA:128,2
DA:129,1
DA:131,1
LF:38
LH:17
BRDA:32,0,0,1
BRDA:32,0,1,0
BRDA:128,1,0,1
BRDA:128,1,1,1
BRF:4
BRH:3
end_of_record
