TN:
SF:ast/index.js
FN:2,(anonymous_0)
FN:8,(anonymous_1)
FN:14,(anonymous_2)
FN:20,(anonymous_3)
FN:26,(anonymous_4)
FN:32,(anonymous_5)
FN:38,(anonymous_6)
FN:49,(anonymous_7)
FN:55,(anonymous_8)
FN:61,(anonymous_9)
FN:67,(anonymous_10)
FN:73,(anonymous_11)
FN:79,(anonymous_12)
FN:85,(anonymous_13)
FN:91,(anonymous_14)
FN:97,(anonymous_15)
FN:103,(anonymous_16)
FN:109,(anonymous_17)
FN:115,(anonymous_18)
FN:121,(anonymous_19)
FN:127,(anonymous_20)
FN:133,(anonymous_21)
FNF:22
FNH:21
FNDA:22,(anonymous_0)
FNDA:26,(anonymous_1)
FNDA:2,(anonymous_2)
FNDA:2,(anonymous_3)
FNDA:4,(anonymous_4)
FNDA:2,(anonymous_5)
FNDA:8,(anonymous_6)
FNDA:4,(anonymous_7)
FNDA:2,(anonymous_8)
FNDA:2,(anonymous_9)
FNDA:2,(anonymous_10)
FNDA:2,(anonymous_11)
FNDA:2,(anonymous_12)
FNDA:4,(anonymous_13)
FNDA:24,(anonymous_14)
FNDA:2,(anonymous_15)
FNDA:2,(anonymous_16)
FNDA:2,(anonymous_17)
FNDA:52,(anonymous_18)
FNDA:2,(anonymous_19)
FNDA:0,(anonymous_20)
FNDA:2,(anonymous_21)
DA:3,22
DA:9,26
DA:15,2
DA:21,2
DA:27,4
DA:33,2
DA:39,8
DA:50,4
DA:56,2
DA:62,2
DA:68,2
DA:74,2
DA:80,2
DA:86,4
DA:92,24
DA:98,2
DA:104,2
DA:110,2
DA:116,52
DA:122,2
DA:128,0
DA:134,2
DA:138,1
LF:23
LH:22
BRF:0
BRH:0
end_of_record
TN:
SF:ast/parser.js
FN:32,arrayToNullable
FN:38,(anonymous_1)
FN:41,(anonymous_2)
FN:44,(anonymous_3)
FN:47,(anonymous_4)
FN:50,(anonymous_5)
FN:53,(anonymous_6)
FN:56,(anonymous_7)
FN:64,(anonymous_8)
FN:67,(anonymous_9)
FN:70,(anonymous_10)
FN:73,(anonymous_11)
FN:76,(anonymous_12)
FN:79,(anonymous_13)
FN:82,(anonymous_14)
FN:85,(anonymous_15)
FN:88,(anonymous_16)
FN:91,(anonymous_17)
FN:94,(anonymous_18)
FN:97,(anonymous_19)
FN:100,(anonymous_20)
FN:103,(anonymous_21)
FN:106,(anonymous_22)
FN:109,(anonymous_23)
FN:112,(anonymous_24)
FN:115,(anonymous_25)
FN:118,(anonymous_26)
FN:121,(anonymous_27)
FN:124,(anonymous_28)
FN:127,(anonymous_29)
FN:133,(anonymous_30)
FNF:31
FNH:30
FNDA:8,arrayToNullable
FNDA:11,(anonymous_1)
FNDA:13,(anonymous_2)
FNDA:1,(anonymous_3)
FNDA:1,(anonymous_4)
FNDA:2,(anonymous_5)
FNDA:1,(anonymous_6)
FNDA:4,(anonymous_7)
FNDA:2,(anonymous_8)
FNDA:1,(anonymous_9)
FNDA:1,(anonymous_10)
FNDA:1,(anonymous_11)
FNDA:1,(anonymous_12)
FNDA:1,(anonymous_13)
FNDA:2,(anonymous_14)
FNDA:1,(anonymous_15)
FNDA:0,(anonymous_16)
FNDA:8,(anonymous_17)
FNDA:2,(anonymous_18)
FNDA:1,(anonymous_19)
FNDA:1,(anonymous_20)
FNDA:1,(anonymous_21)
FNDA:1,(anonymous_22)
FNDA:1,(anonymous_23)
FNDA:15,(anonymous_24)
FNDA:28,(anonymous_25)
FNDA:25,(anonymous_26)
FNDA:1,(anonymous_27)
FNDA:25,(anonymous_28)
FNDA:4,(anonymous_29)
FNDA:14,(anonymous_30)
DA:2,1
DA:3,1
DA:27,1
DA:29,1
DA:33,8
DA:37,1
DA:39,11
DA:42,13
DA:45,1
DA:48,1
DA:51,2
DA:54,1
DA:57,4
DA:65,2
DA:68,1
DA:71,1
DA:74,1
DA:77,1
DA:80,1
DA:83,2
DA:86,1
DA:89,0
DA:92,8
DA:95,2
DA:98,1
DA:101,1
DA:104,1
DA:107,1
DA:110,1
DA:113,15
DA:116,28
DA:119,25
DA:122,1
DA:125,25
DA:128,4
DA:133,1
DA:134,14
DA:135,14
DA:136,1
DA:138,13
LF:40
LH:39
BRDA:33,0,0,3
BRDA:33,0,1,5
BRDA:135,1,0,1
BRDA:135,1,1,13
BRF:4
BRH:4
end_of_record
